-------------------------------------------------------------------------------
Test set: Scenario: On computer turn, title shows computer
-------------------------------------------------------------------------------
Tests run: 44, Failures: 4, Errors: 0, Skipped: 1, Time elapsed: 33.412 sec <<< FAILURE! - in Scenario: On computer turn, title shows computer
Then the content area displays Turn: Player(Scenario: On user turn, title shows user)  Time elapsed: 0.014 sec  <<< FAILURE!
org.junit.ComparisonFailure: The game display indicates it is the player's turn expected:<Turn: [Player]> but was:<Turn: [You]>
	at org.junit.Assert.assertEquals(Assert.java:115)
	at life.unspecified.kittens.NavigationStepDefinitions.the_content_area_displays_Turn_User(NavigationStepDefinitions.java:107)
	at ✽.Then the content area displays Turn: Player(life/unspecified/kittens/kittens_page_title.feature:6)

Scenario: On user turn, title shows user  Time elapsed: 0.017 sec  <<< FAILURE!
org.junit.ComparisonFailure: The game display indicates it is the player's turn expected:<Turn: [Player]> but was:<Turn: [You]>
	at org.junit.Assert.assertEquals(Assert.java:115)
	at life.unspecified.kittens.NavigationStepDefinitions.the_content_area_displays_Turn_User(NavigationStepDefinitions.java:107)
	at ✽.Then the content area displays Turn: Player(life/unspecified/kittens/kittens_page_title.feature:6)

And the page title displays Turn: Computer(Scenario: On computer turn, title shows computer)  Time elapsed: 0.004 sec  <<< FAILURE!
org.junit.ComparisonFailure: Title shows it is the computer's turn expected:<[Crazy Kittens - Turn: Computer]> but was:<[]>
	at org.junit.Assert.assertEquals(Assert.java:115)
	at life.unspecified.kittens.NavigationStepDefinitions.the_page_title_displays_Turn_Computer(NavigationStepDefinitions.java:117)
	at ✽.And the page title displays Turn: Computer(life/unspecified/kittens/kittens_page_title.feature:14)

Scenario: On computer turn, title shows computer  Time elapsed: 0.008 sec  <<< FAILURE!
org.junit.ComparisonFailure: Title shows it is the computer's turn expected:<[Crazy Kittens - Turn: Computer]> but was:<[]>
	at org.junit.Assert.assertEquals(Assert.java:115)
	at life.unspecified.kittens.NavigationStepDefinitions.the_page_title_displays_Turn_Computer(NavigationStepDefinitions.java:117)
	at ✽.And the page title displays Turn: Computer(life/unspecified/kittens/kittens_page_title.feature:14)

