<?xml version="1.0" encoding="UTF-8"?>
<testsuite name="Scenario: On computer turn, title shows computer" time="0.549" tests="44" errors="0" skipped="1" failures="4">
  <properties>
    <property name="java.runtime.name" value="OpenJDK Runtime Environment"/>
    <property name="sun.boot.library.path" value="/usr/lib/jvm/java-8-openjdk-amd64/jre/lib/amd64"/>
    <property name="java.vm.version" value="25.121-b13"/>
    <property name="java.vm.vendor" value="Oracle Corporation"/>
    <property name="maven.multiModuleProjectDirectory" value="/usr/src/mymaven"/>
    <property name="java.vendor.url" value="http://java.oracle.com/"/>
    <property name="path.separator" value=":"/>
    <property name="guice.disable.misplaced.annotation.check" value="true"/>
    <property name="java.vm.name" value="OpenJDK 64-Bit Server VM"/>
    <property name="file.encoding.pkg" value="sun.io"/>
    <property name="sun.java.launcher" value="SUN_STANDARD"/>
    <property name="sun.os.patch.level" value="unknown"/>
    <property name="java.vm.specification.name" value="Java Virtual Machine Specification"/>
    <property name="user.dir" value="/usr/src/mymaven"/>
    <property name="java.runtime.version" value="1.8.0_121-8u121-b13-1~bpo8+1-b13"/>
    <property name="java.awt.graphicsenv" value="sun.awt.X11GraphicsEnvironment"/>
    <property name="java.endorsed.dirs" value="/usr/lib/jvm/java-8-openjdk-amd64/jre/lib/endorsed"/>
    <property name="os.arch" value="amd64"/>
    <property name="java.io.tmpdir" value="/tmp"/>
    <property name="line.separator" value="&#10;"/>
    <property name="java.vm.specification.vendor" value="Oracle Corporation"/>
    <property name="os.name" value="Linux"/>
    <property name="classworlds.conf" value="/usr/share/maven/bin/m2.conf"/>
    <property name="sun.jnu.encoding" value="UTF-8"/>
    <property name="java.library.path" value="/usr/java/packages/lib/amd64:/usr/lib/x86_64-linux-gnu/jni:/lib/x86_64-linux-gnu:/usr/lib/x86_64-linux-gnu:/usr/lib/jni:/lib:/usr/lib"/>
    <property name="java.specification.name" value="Java Platform API Specification"/>
    <property name="java.class.version" value="52.0"/>
    <property name="sun.management.compiler" value="HotSpot 64-Bit Tiered Compilers"/>
    <property name="os.version" value="4.9.41-moby"/>
    <property name="user.home" value="/root"/>
    <property name="user.timezone" value="Etc/UTC"/>
    <property name="java.awt.printerjob" value="sun.print.PSPrinterJob"/>
    <property name="file.encoding" value="UTF-8"/>
    <property name="java.specification.version" value="1.8"/>
    <property name="user.name" value="root"/>
    <property name="java.class.path" value="/usr/share/maven/boot/plexus-classworlds-2.5.2.jar"/>
    <property name="java.vm.specification.version" value="1.8"/>
    <property name="sun.arch.data.model" value="64"/>
    <property name="java.home" value="/usr/lib/jvm/java-8-openjdk-amd64/jre"/>
    <property name="sun.java.command" value="org.codehaus.plexus.classworlds.launcher.Launcher clean test surefire-report:report"/>
    <property name="java.specification.vendor" value="Oracle Corporation"/>
    <property name="user.language" value="en"/>
    <property name="awt.toolkit" value="sun.awt.X11.XToolkit"/>
    <property name="java.vm.info" value="mixed mode"/>
    <property name="java.version" value="1.8.0_121"/>
    <property name="java.ext.dirs" value="/usr/lib/jvm/java-8-openjdk-amd64/jre/lib/ext:/usr/java/packages/lib/ext"/>
    <property name="securerandom.source" value="file:/dev/./urandom"/>
    <property name="sun.boot.class.path" value="/usr/lib/jvm/java-8-openjdk-amd64/jre/lib/resources.jar:/usr/lib/jvm/java-8-openjdk-amd64/jre/lib/rt.jar:/usr/lib/jvm/java-8-openjdk-amd64/jre/lib/sunrsasign.jar:/usr/lib/jvm/java-8-openjdk-amd64/jre/lib/jsse.jar:/usr/lib/jvm/java-8-openjdk-amd64/jre/lib/jce.jar:/usr/lib/jvm/java-8-openjdk-amd64/jre/lib/charsets.jar:/usr/lib/jvm/java-8-openjdk-amd64/jre/lib/jfr.jar:/usr/lib/jvm/java-8-openjdk-amd64/jre/classes"/>
    <property name="java.vendor" value="Oracle Corporation"/>
    <property name="maven.home" value="/usr/share/maven"/>
    <property name="file.separator" value="/"/>
    <property name="java.vendor.url.bug" value="http://bugreport.sun.com/bugreport/"/>
    <property name="sun.cpu.endian" value="little"/>
    <property name="sun.io.unicode.encoding" value="UnicodeLittle"/>
    <property name="sun.cpu.isalist" value=""/>
  </properties>
  <testcase name="Given I load crazy kittens" classname="Scenario: I load the default page of Crazy Kittens" time="0.003"/>
  <testcase name="Then I am on the home page" classname="Scenario: I load the default page of Crazy Kittens" time="0"/>
  <testcase name="And no game is started" classname="Scenario: I load the default page of Crazy Kittens" time="0"/>
  <testcase name="And I see a play button" classname="Scenario: I load the default page of Crazy Kittens" time="0.001"/>
  <testcase name="Scenario: I load the default page of Crazy Kittens" classname="Scenario: I load the default page of Crazy Kittens" time="0.085"/>
  <testcase name="Given I load crazy kittens" classname="Scenario: Instructions are available on home page" time="0.002"/>
  <testcase name="When I click instructions" classname="Scenario: Instructions are available on home page" time="0"/>
  <testcase name="Then the instructions are displayed" classname="Scenario: Instructions are available on home page" time="0"/>
  <testcase name="Scenario: Instructions are available on home page" classname="Scenario: Instructions are available on home page" time="0.073"/>
  <testcase name="Given I load crazy kittens" classname="Scenario: Instructions can be reviewed before starting a game" time="0"/>
  <testcase name="When I see an instructions link" classname="Scenario: Instructions can be reviewed before starting a game" time="0"/>
  <testcase name="And I click instructions" classname="Scenario: Instructions can be reviewed before starting a game" time="0"/>
  <testcase name="And I click home" classname="Scenario: Instructions can be reviewed before starting a game" time="0"/>
  <testcase name="Then I am on the home page" classname="Scenario: Instructions can be reviewed before starting a game" time="0"/>
  <testcase name="And I see a play button" classname="Scenario: Instructions can be reviewed before starting a game" time="0"/>
  <testcase name="Scenario: Instructions can be reviewed before starting a game" classname="Scenario: Instructions can be reviewed before starting a game" time="0.076"/>
  <testcase name="Given I load crazy kittens" classname="Scenario: Clicking Play starts the game" time="0"/>
  <testcase name="When I click play" classname="Scenario: Clicking Play starts the game" time="0"/>
  <testcase name="Then I am on the game page" classname="Scenario: Clicking Play starts the game" time="0"/>
  <testcase name="Scenario: Clicking Play starts the game" classname="Scenario: Clicking Play starts the game" time="0.09"/>
  <testcase name="Given I load crazy kittens" classname="Scenario: Instructions can be reviewed after starting a game" time="0"/>
  <testcase name="When I click play" classname="Scenario: Instructions can be reviewed after starting a game" time="0.001"/>
  <testcase name="And I click home" classname="Scenario: Instructions can be reviewed after starting a game" time="0.002"/>
  <testcase name="Then I am on the home page" classname="Scenario: Instructions can be reviewed after starting a game" time="0"/>
  <testcase name="And I see an instructions link" classname="Scenario: Instructions can be reviewed after starting a game" time="0"/>
  <testcase name="And I see a continue button" classname="Scenario: Instructions can be reviewed after starting a game" time="0.002"/>
  <testcase name="Scenario: Instructions can be reviewed after starting a game" classname="Scenario: Instructions can be reviewed after starting a game" time="0.073"/>
  <testcase name="Given I load crazy kittens" classname="Scenario: Clicking continue resumes a game in progress" time="0"/>
  <testcase name="When I click play" classname="Scenario: Clicking continue resumes a game in progress" time="0"/>
  <testcase name="And I click home" classname="Scenario: Clicking continue resumes a game in progress" time="0"/>
  <testcase name="And I click continue" classname="Scenario: Clicking continue resumes a game in progress" time="0"/>
  <testcase name="Then I am on the game page" classname="Scenario: Clicking continue resumes a game in progress" time="0"/>
  <testcase name="Scenario: Clicking continue resumes a game in progress" classname="Scenario: Clicking continue resumes a game in progress" time="0.097"/>
  <testcase name="Given a game is being played" classname="Scenario: On user turn, title shows user" time="0.001"/>
  <testcase name="When it is the User&apos;s Turn" classname="Scenario: On user turn, title shows user" time="0"/>
  <testcase name="Then the content area displays Turn: Player" classname="Scenario: On user turn, title shows user" time="0.014">
    <failure message="The game display indicates it is the player&apos;s turn expected:&lt;Turn: [Player]&gt; but was:&lt;Turn: [You]&gt;" type="org.junit.ComparisonFailure"><![CDATA[org.junit.ComparisonFailure: The game display indicates it is the player's turn expected:<Turn: [Player]> but was:<Turn: [You]>
	at org.junit.Assert.assertEquals(Assert.java:115)
	at life.unspecified.kittens.NavigationStepDefinitions.the_content_area_displays_Turn_User(NavigationStepDefinitions.java:107)
	at ✽.Then the content area displays Turn: Player(life/unspecified/kittens/kittens_page_title.feature:6)
]]></failure>
  </testcase>
  <testcase name="Scenario: On user turn, title shows user" classname="Scenario: On user turn, title shows user" time="0.017">
    <failure message="The game display indicates it is the player&apos;s turn expected:&lt;Turn: [Player]&gt; but was:&lt;Turn: [You]&gt;" type="org.junit.ComparisonFailure"><![CDATA[org.junit.ComparisonFailure: The game display indicates it is the player's turn expected:<Turn: [Player]> but was:<Turn: [You]>
	at org.junit.Assert.assertEquals(Assert.java:115)
	at life.unspecified.kittens.NavigationStepDefinitions.the_content_area_displays_Turn_User(NavigationStepDefinitions.java:107)
	at ✽.Then the content area displays Turn: Player(life/unspecified/kittens/kittens_page_title.feature:6)
]]></failure>
  </testcase>
  <testcase name="And the page title displays Turn: Player" classname="Scenario: On user turn, title shows user" time="0">
    <skipped/>
  </testcase>
  <testcase name="Given a game is being played" classname="Scenario: On computer turn, title shows computer" time="0"/>
  <testcase name="When the user finishes their turn" classname="Scenario: On computer turn, title shows computer" time="0"/>
  <testcase name="Then it is the Computer&apos;s Turn" classname="Scenario: On computer turn, title shows computer" time="0"/>
  <testcase name="And the content area displays Turn: Computer" classname="Scenario: On computer turn, title shows computer" time="0"/>
  <testcase name="And the page title displays Turn: Computer" classname="Scenario: On computer turn, title shows computer" time="0.004">
    <failure message="Title shows it is the computer&apos;s turn expected:&lt;[Crazy Kittens - Turn: Computer]&gt; but was:&lt;[]&gt;" type="org.junit.ComparisonFailure"><![CDATA[org.junit.ComparisonFailure: Title shows it is the computer's turn expected:<[Crazy Kittens - Turn: Computer]> but was:<[]>
	at org.junit.Assert.assertEquals(Assert.java:115)
	at life.unspecified.kittens.NavigationStepDefinitions.the_page_title_displays_Turn_Computer(NavigationStepDefinitions.java:117)
	at ✽.And the page title displays Turn: Computer(life/unspecified/kittens/kittens_page_title.feature:14)
]]></failure>
  </testcase>
  <testcase name="Scenario: On computer turn, title shows computer" classname="Scenario: On computer turn, title shows computer" time="0.008">
    <failure message="Title shows it is the computer&apos;s turn expected:&lt;[Crazy Kittens - Turn: Computer]&gt; but was:&lt;[]&gt;" type="org.junit.ComparisonFailure"><![CDATA[org.junit.ComparisonFailure: Title shows it is the computer's turn expected:<[Crazy Kittens - Turn: Computer]> but was:<[]>
	at org.junit.Assert.assertEquals(Assert.java:115)
	at life.unspecified.kittens.NavigationStepDefinitions.the_page_title_displays_Turn_Computer(NavigationStepDefinitions.java:117)
	at ✽.And the page title displays Turn: Computer(life/unspecified/kittens/kittens_page_title.feature:14)
]]></failure>
  </testcase>
</testsuite>