<?xml version="1.0" encoding="UTF-8"?>
<testsuite name="Scenario: On computer turn, title shows computer" time="0.549" tests="44" errors="0" skipped="1" failures="4">
  <properties>
[...]
</properties>
  <testcase name="Given I load crazy kittens" classname="Scenario: I load the default page of Crazy Kittens" time="0.003"/>
  <testcase name="Then I am on the home page" classname="Scenario: I load the default page of Crazy Kittens" time="0"/>
  <testcase name="And no game is started" classname="Scenario: I load the default page of Crazy Kittens" time="0"/>
  <testcase name="And I see a play button" classname="Scenario: I load the default page of Crazy Kittens" time="0.001"/>
  <testcase name="Scenario: I load the default page of Crazy Kittens" classname="Scenario: I load the default page of Crazy Kittens" time="0.085"/>
  <testcase name="Given I load crazy kittens" classname="Scenario: Instructions are available on home page" time="0.002"/>
  <testcase name="When I click instructions" classname="Scenario: Instructions are available on home page" time="0"/>
  <testcase name="Then the instructions are displayed" classname="Scenario: Instructions are available on home page" time="0"/>
  <testcase name="Scenario: Instructions are available on home page" classname="Scenario: Instructions are available on home page" time="0.073"/>
  <testcase name="Given I load crazy kittens" classname="Scenario: Instructions can be reviewed before starting a game" time="0"/>
  <testcase name="When I see an instructions link" classname="Scenario: Instructions can be reviewed before starting a game" time="0"/>
  <testcase name="And I click instructions" classname="Scenario: Instructions can be reviewed before starting a game" time="0"/>
  <testcase name="And I click home" classname="Scenario: Instructions can be reviewed before starting a game" time="0"/>
  <testcase name="Then I am on the home page" classname="Scenario: Instructions can be reviewed before starting a game" time="0"/>
  <testcase name="And I see a play button" classname="Scenario: Instructions can be reviewed before starting a game" time="0"/>
  <testcase name="Scenario: Instructions can be reviewed before starting a game" classname="Scenario: Instructions can be reviewed before starting a game" time="0.076"/>
  <testcase name="Given I load crazy kittens" classname="Scenario: Clicking Play starts the game" time="0"/>
  <testcase name="When I click play" classname="Scenario: Clicking Play starts the game" time="0"/>
  <testcase name="Then I am on the game page" classname="Scenario: Clicking Play starts the game" time="0"/>
  <testcase name="Scenario: Clicking Play starts the game" classname="Scenario: Clicking Play starts the game" time="0.09"/>
  <testcase name="Given I load crazy kittens" classname="Scenario: Instructions can be reviewed after starting a game" time="0"/>
  <testcase name="When I click play" classname="Scenario: Instructions can be reviewed after starting a game" time="0.001"/>
  <testcase name="And I click home" classname="Scenario: Instructions can be reviewed after starting a game" time="0.002"/>
  <testcase name="Then I am on the home page" classname="Scenario: Instructions can be reviewed after starting a game" time="0"/>
  <testcase name="And I see an instructions link" classname="Scenario: Instructions can be reviewed after starting a game" time="0"/>
  <testcase name="And I see a continue button" classname="Scenario: Instructions can be reviewed after starting a game" time="0.002"/>
  <testcase name="Scenario: Instructions can be reviewed after starting a game" classname="Scenario: Instructions can be reviewed after starting a game" time="0.073"/>
  <testcase name="Given I load crazy kittens" classname="Scenario: Clicking continue resumes a game in progress" time="0"/>
  <testcase name="When I click play" classname="Scenario: Clicking continue resumes a game in progress" time="0"/>
  <testcase name="And I click home" classname="Scenario: Clicking continue resumes a game in progress" time="0"/>
  <testcase name="And I click continue" classname="Scenario: Clicking continue resumes a game in progress" time="0"/>
  <testcase name="Then I am on the game page" classname="Scenario: Clicking continue resumes a game in progress" time="0"/>
  <testcase name="Scenario: Clicking continue resumes a game in progress" classname="Scenario: Clicking continue resumes a game in progress" time="0.097"/>
  <testcase name="Given a game is being played" classname="Scenario: On user turn, title shows user" time="0.001"/>
  <testcase name="When it is the User&apos;s Turn" classname="Scenario: On user turn, title shows user" time="0"/>
  <testcase name="Then the content area displays Turn: Player" classname="Scenario: On user turn, title shows user" time="0.014">
    <failure message="The game display indicates it is the player&apos;s turn expected:&lt;Turn: [Player]&gt; but was:&lt;Turn: [You]&gt;" type="org.junit.ComparisonFailure"><![CDATA[org.junit.ComparisonFailure: The game display indicates it is the player's turn expected:<Turn: [Player]> but was:<Turn: [You]>
	at org.junit.Assert.assertEquals(Assert.java:115)
	at life.unspecified.kittens.NavigationStepDefinitions.the_content_area_displays_Turn_User(NavigationStepDefinitions.java:107)
	at ✽.Then the content area displays Turn: Player(life/unspecified/kittens/kittens_page_title.feature:6)
]]></failure>
  </testcase>
  <testcase name="Scenario: On user turn, title shows user" classname="Scenario: On user turn, title shows user" time="0.017">
    <failure message="The game display indicates it is the player&apos;s turn expected:&lt;Turn: [Player]&gt; but was:&lt;Turn: [You]&gt;" type="org.junit.ComparisonFailure"><![CDATA[org.junit.ComparisonFailure: The game display indicates it is the player's turn expected:<Turn: [Player]> but was:<Turn: [You]>
	at org.junit.Assert.assertEquals(Assert.java:115)
	at life.unspecified.kittens.NavigationStepDefinitions.the_content_area_displays_Turn_User(NavigationStepDefinitions.java:107)
	at ✽.Then the content area displays Turn: Player(life/unspecified/kittens/kittens_page_title.feature:6)
]]></failure>
  </testcase>
  <testcase name="And the page title displays Turn: Player" classname="Scenario: On user turn, title shows user" time="0">
    <skipped/>
  </testcase>
  <testcase name="Given a game is being played" classname="Scenario: On computer turn, title shows computer" time="0"/>
  <testcase name="When the user finishes their turn" classname="Scenario: On computer turn, title shows computer" time="0"/>
  <testcase name="Then it is the Computer&apos;s Turn" classname="Scenario: On computer turn, title shows computer" time="0"/>
  <testcase name="And the content area displays Turn: Computer" classname="Scenario: On computer turn, title shows computer" time="0"/>
  <testcase name="And the page title displays Turn: Computer" classname="Scenario: On computer turn, title shows computer" time="0.004">
    <failure message="Title shows it is the computer&apos;s turn expected:&lt;[Crazy Kittens - Turn: Computer]&gt; but was:&lt;[]&gt;" type="org.junit.ComparisonFailure"><![CDATA[org.junit.ComparisonFailure: Title shows it is the computer's turn expected:<[Crazy Kittens - Turn: Computer]> but was:<[]>
	at org.junit.Assert.assertEquals(Assert.java:115)
	at life.unspecified.kittens.NavigationStepDefinitions.the_page_title_displays_Turn_Computer(NavigationStepDefinitions.java:117)
	at ✽.And the page title displays Turn: Computer(life/unspecified/kittens/kittens_page_title.feature:14)
]]></failure>
  </testcase>
  <testcase name="Scenario: On computer turn, title shows computer" classname="Scenario: On computer turn, title shows computer" time="0.008">
    <failure message="Title shows it is the computer&apos;s turn expected:&lt;[Crazy Kittens - Turn: Computer]&gt; but was:&lt;[]&gt;" type="org.junit.ComparisonFailure"><![CDATA[org.junit.ComparisonFailure: Title shows it is the computer's turn expected:<[Crazy Kittens - Turn: Computer]> but was:<[]>
	at org.junit.Assert.assertEquals(Assert.java:115)
	at life.unspecified.kittens.NavigationStepDefinitions.the_page_title_displays_Turn_Computer(NavigationStepDefinitions.java:117)
	at ✽.And the page title displays Turn: Computer(life/unspecified/kittens/kittens_page_title.feature:14)
]]></failure>
  </testcase>
</testsuite>